#
# A fatal error has been detected by the Java Runtime Environment:
#
#  EXCEPTION_ACCESS_VIOLATION (0xc0000005) at pc=0x000000006ec23b6b, pid=9812, tid=12280
#
# JRE version: Java(TM) SE Runtime Environment (7.0_67-b01) (build 1.7.0_67-b01)
# Java VM: Java HotSpot(TM) 64-Bit Server VM (24.65-b04 mixed mode windows-amd64 compressed oops)
# Problematic frame:
# V  [jvm.dll+0x143b6b]
#
# Failed to write core dump. Minidumps are not enabled by default on client versions of Windows
#
# If you would like to submit a bug report, please visit:
#   http://bugreport.sun.com/bugreport/crash.jsp
#

---------------  T H R E A D  ---------------

Current thread (0x000000000b279800):  JavaThread "JDWP Transport Listener: dt_socket" daemon [_thread_in_vm, id=12280, stack(0x000000000ce20000,0x000000000cf20000)]

siginfo: ExceptionCode=0xc0000005, reading address 0xffffffffffffffff

Registers:
RAX=0x000000000cf1f501, RBX=0x000000000b279800, RCX=0x736142003b65646f, RDX=0x0000000000000000
RSP=0x000000000cf1f4b0, RBP=0x736142003b65646f, RSI=0x000000000cf1f5c8, RDI=0x000000000038a580
R8 =0x000000000b279800, R9 =0x0000000000000700, R10=0x0000000000000000, R11=0x000020790030000d
R12=0x0000000000000000, R13=0x000000000b26d318, R14=0x0000000000000000, R15=0x0000000000000000
RIP=0x000000006ec23b6b, EFLAGS=0x0000000000010206

Top of Stack: (sp=0x000000000cf1f4b0)
0x000000000cf1f4b0:   000000000b279800 000000000dcc0b40
0x000000000cf1f4c0:   000000000cf1f578 000000006edc4dd9
0x000000000cf1f4d0:   000000000b279800 000000006ede2982
0x000000000cf1f4e0:   0000000000000000 000000006c6d8e8d
0x000000000cf1f4f0:   000000000b28c130 000000006c6e2666
0x000000000cf1f500:   000000000b279800 0000000000000000
0x000000000cf1f510:   0000000000000000 0000000000000000
0x000000000cf1f520:   736142003b65646f 000000006c6e175d
0x000000000cf1f530:   000000000cf1f5c8 000000000cf1f5a0
0x000000000cf1f540:   0000000000000001 000000000b28c130
0x000000000cf1f550:   736142003b65646f 000000006c6c53b3
0x000000000cf1f560:   000000000cf1f690 0000000000000001
0x000000000cf1f570:   0000000000000001 000000000b28c130
0x000000000cf1f580:   000000000000000a 0000000000000000
0x000000000cf1f590:   0000000000000000 0000000000000000
0x000000000cf1f5a0:   0000000000000001 000000006c6c5571 

Instructions: (pc=0x000000006ec23b6b)
0x000000006ec23b4b:   48 8b 5c 24 30 48 89 47 18 48 83 c4 20 5f c3 cc
0x000000006ec23b5b:   cc cc cc cc cc 40 53 48 83 ec 20 48 85 c9 74 54
0x000000006ec23b6b:   48 8b 19 48 85 db 74 4c 48 b8 fe fe fe fe fe fe
0x000000006ec23b7b:   fe fe 48 3b d8 74 3d 80 3d 0f 04 61 00 00 74 15 


Register to memory mapping:

RAX=0x000000000cf1f501 is pointing into the stack for thread: 0x000000000b279800
RBX=0x000000000b279800 is a thread
RCX=0x736142003b65646f is an unknown value
RDX=0x0000000000000000 is an unknown value
RSP=0x000000000cf1f4b0 is pointing into the stack for thread: 0x000000000b279800
RBP=0x736142003b65646f is an unknown value
RSI=0x000000000cf1f5c8 is pointing into the stack for thread: 0x000000000b279800
RDI=0x000000000038a580 is an unknown value
R8 =0x000000000b279800 is a thread
R9 =0x0000000000000700 is an unknown value
R10=0x0000000000000000 is an unknown value
R11=0x000020790030000d is an unknown value
R12=0x0000000000000000 is an unknown value
R13=0x000000000b26d318 is an unknown value
R14=0x0000000000000000 is an unknown value
R15=0x0000000000000000 is an unknown value


Stack: [0x000000000ce20000,0x000000000cf20000],  sp=0x000000000cf1f4b0,  free space=1021k
Native frames: (J=compiled Java code, j=interpreted, Vv=VM code, C=native code)
V  [jvm.dll+0x143b6b]


---------------  P R O C E S S  ---------------

Java Threads: ( => current thread )
  0x000000000d403800 JavaThread "ReaderThread" [_thread_in_native, id=19296, stack(0x000000000d9a0000,0x000000000daa0000)]
  0x000000000d231000 JavaThread "Service Thread" daemon [_thread_blocked, id=14820, stack(0x000000000d810000,0x000000000d910000)]
  0x000000000d22f000 JavaThread "C2 CompilerThread1" daemon [_thread_blocked, id=6240, stack(0x000000000d710000,0x000000000d810000)]
  0x000000000d22b800 JavaThread "C2 CompilerThread0" daemon [_thread_blocked, id=16604, stack(0x000000000cc40000,0x000000000cd40000)]
  0x000000000b286000 JavaThread "JDWP Command Reader" daemon [_thread_in_native, id=20252, stack(0x000000000d120000,0x000000000d220000)]
  0x000000000b285000 JavaThread "JDWP Event Helper Thread" daemon [_thread_blocked, id=18892, stack(0x000000000cfa0000,0x000000000d0a0000)]
=>0x000000000b279800 JavaThread "JDWP Transport Listener: dt_socket" daemon [_thread_in_vm, id=12280, stack(0x000000000ce20000,0x000000000cf20000)]
  0x000000000b272800 JavaThread "Attach Listener" daemon [_thread_blocked, id=18700, stack(0x000000000c610000,0x000000000c710000)]
  0x000000000b26b800 JavaThread "Signal Dispatcher" daemon [_thread_blocked, id=19848, stack(0x000000000c770000,0x000000000c870000)]
  0x000000000b212800 JavaThread "Finalizer" daemon [_thread_blocked, id=4936, stack(0x000000000c320000,0x000000000c420000)]
  0x000000000b211000 JavaThread "Reference Handler" daemon [_thread_blocked, id=13164, stack(0x000000000c510000,0x000000000c610000)]
  0x0000000002998000 JavaThread "main" [_thread_blocked, id=9584, stack(0x0000000002cc0000,0x0000000002dc0000)]

Other Threads:
  0x000000000b20b800 VMThread [stack: 0x000000000c220000,0x000000000c320000] [id=11648]
  0x000000000d24c000 WatcherThread [stack: 0x000000000dac0000,0x000000000dbc0000] [id=15156]

VM state:not at safepoint (normal execution)

VM Mutex/Monitor currently owned by a thread: None

Heap
 PSYoungGen      total 38400K, used 25111K [0x00000007d5e00000, 0x00000007d8880000, 0x0000000800000000)
  eden space 33280K, 65% used [0x00000007d5e00000,0x00000007d7321660,0x00000007d7e80000)
  from space 5120K, 67% used [0x00000007d8380000,0x00000007d86e4630,0x00000007d8880000)
  to   space 5120K, 0% used [0x00000007d7e80000,0x00000007d7e80000,0x00000007d8380000)
 ParOldGen       total 86016K, used 0K [0x0000000781a00000, 0x0000000786e00000, 0x00000007d5e00000)
  object space 86016K, 0% used [0x0000000781a00000,0x0000000781a00000,0x0000000786e00000)
 PSPermGen       total 21504K, used 13646K [0x000000077c800000, 0x000000077dd00000, 0x0000000781a00000)
  object space 21504K, 63% used [0x000000077c800000,0x000000077d553848,0x000000077dd00000)

Card table byte_map: [0x0000000005dc0000,0x00000000061e0000] byte_map_base: 0x00000000021dc000

Polling page: 0x0000000000320000

Code Cache  [0x0000000002dc0000, 0x0000000003030000, 0x0000000005dc0000)
 total_blobs=385 nmethods=94 adapters=250 free_code_cache=48426Kb largest_free_block=49556736

Compilation events (10 events):
Event: 589.324 Thread 0x000000000d22b800   90             java.nio.charset.CharsetEncoder::implReset (1 bytes)
Event: 589.324 Thread 0x000000000d22b800 nmethod 90 0x0000000002e6b4d0 code [0x0000000002e6b600, 0x0000000002e6b658]
Event: 589.506 Thread 0x000000000d22f000   91             java.util.Arrays::copyOf (19 bytes)
Event: 589.508 Thread 0x000000000d22f000 nmethod 91 0x0000000002e6ca50 code [0x0000000002e6cba0, 0x0000000002e6cd38]
Event: 589.707 Thread 0x000000000d22b800   92             java.net.URLStreamHandler::setURL (40 bytes)
Event: 589.709 Thread 0x000000000d22b800 nmethod 92 0x0000000002e6dfd0 code [0x0000000002e6e120, 0x0000000002e6e518]
Event: 610.017 Thread 0x000000000d22f000   93             java.net.URLStreamHandler::parseURL (1158 bytes)
Event: 610.061 Thread 0x000000000d22b800   94             sun.misc.URLClassPath$Loader::getBaseURL (5 bytes)
Event: 610.061 Thread 0x000000000d22b800 nmethod 94 0x0000000002e6bad0 code [0x0000000002e6bc00, 0x0000000002e6bc78]
Event: 610.078 Thread 0x000000000d22f000 nmethod 93 0x0000000002e75e90 code [0x0000000002e763e0, 0x0000000002e78eb0]

GC Heap History (4 events):
Event: 2.114 GC heap before
{Heap before GC invocations=1 (full 0):
 PSYoungGen      total 38400K, used 33280K [0x00000007d5e00000, 0x00000007d8880000, 0x0000000800000000)
  eden space 33280K, 100% used [0x00000007d5e00000,0x00000007d7e80000,0x00000007d7e80000)
  from space 5120K, 0% used [0x00000007d8380000,0x00000007d8380000,0x00000007d8880000)
  to   space 5120K, 0% used [0x00000007d7e80000,0x00000007d7e80000,0x00000007d8380000)
 ParOldGen       total 86016K, used 0K [0x0000000781a00000, 0x0000000786e00000, 0x00000007d5e00000)
  object space 86016K, 0% used [0x0000000781a00000,0x0000000781a00000,0x0000000786e00000)
 PSPermGen       total 21504K, used 7734K [0x000000077c800000, 0x000000077dd00000, 0x0000000781a00000)
  object space 21504K, 35% used [0x000000077c800000,0x000000077cf8db48,0x000000077dd00000)
Event: 2.133 GC heap after
Heap after GC invocations=1 (full 0):
 PSYoungGen      total 38400K, used 3791K [0x00000007d5e00000, 0x00000007d8880000, 0x0000000800000000)
  eden space 33280K, 0% used [0x00000007d5e00000,0x00000007d5e00000,0x00000007d7e80000)
  from space 5120K, 74% used [0x00000007d7e80000,0x00000007d8233d70,0x00000007d8380000)
  to   space 5120K, 0% used [0x00000007d8380000,0x00000007d8380000,0x00000007d8880000)
 ParOldGen       total 86016K, used 0K [0x0000000781a00000, 0x0000000786e00000, 0x00000007d5e00000)
  object space 86016K, 0% used [0x0000000781a00000,0x0000000781a00000,0x0000000786e00000)
 PSPermGen       total 21504K, used 7734K [0x000000077c800000, 0x000000077dd00000, 0x0000000781a00000)
  object space 21504K, 35% used [0x000000077c800000,0x000000077cf8db48,0x000000077dd00000)
}
Event: 589.177 GC heap before
{Heap before GC invocations=2 (full 0):
 PSYoungGen      total 38400K, used 37071K [0x00000007d5e00000, 0x00000007d8880000, 0x0000000800000000)
  eden space 33280K, 100% used [0x00000007d5e00000,0x00000007d7e80000,0x00000007d7e80000)
  from space 5120K, 74% used [0x00000007d7e80000,0x00000007d8233d70,0x00000007d8380000)
  to   space 5120K, 0% used [0x00000007d8380000,0x00000007d8380000,0x00000007d8880000)
 ParOldGen       total 86016K, used 0K [0x0000000781a00000, 0x0000000786e00000, 0x00000007d5e00000)
  object space 86016K, 0% used [0x0000000781a00000,0x0000000781a00000,0x0000000786e00000)
 PSPermGen       total 21504K, used 11060K [0x000000077c800000, 0x000000077dd00000, 0x0000000781a00000)
  object space 21504K, 51% used [0x000000077c800000,0x000000077d2cd1e0,0x000000077dd00000)
Event: 589.181 GC heap after
Heap after GC invocations=2 (full 0):
 PSYoungGen      total 38400K, used 3473K [0x00000007d5e00000, 0x00000007d8880000, 0x0000000800000000)
  eden space 33280K, 0% used [0x00000007d5e00000,0x00000007d5e00000,0x00000007d7e80000)
  from space 5120K, 67% used [0x00000007d8380000,0x00000007d86e4630,0x00000007d8880000)
  to   space 5120K, 0% used [0x00000007d7e80000,0x00000007d7e80000,0x00000007d8380000)
 ParOldGen       total 86016K, used 0K [0x0000000781a00000, 0x0000000786e00000, 0x00000007d5e00000)
  object space 86016K, 0% used [0x0000000781a00000,0x0000000781a00000,0x0000000786e00000)
 PSPermGen       total 21504K, used 11060K [0x000000077c800000, 0x000000077dd00000, 0x0000000781a00000)
  object space 21504K, 51% used [0x000000077c800000,0x000000077d2cd1e0,0x000000077dd00000)
}

Deoptimization events (0 events):
No events

Internal exceptions (10 events):
Event: 610.433 Thread 0x0000000002998000 Threw 0x00000007d7091858 at C:\re\jdk7u67\1368\hotspot\src\share\vm\prims\jvm.cpp:1244
Event: 610.445 Thread 0x0000000002998000 Threw 0x00000007d70bcc20 at C:\re\jdk7u67\1368\hotspot\src\share\vm\prims\jvm.cpp:1244
Event: 610.457 Thread 0x0000000002998000 Threw 0x00000007d70e7538 at C:\re\jdk7u67\1368\hotspot\src\share\vm\prims\jvm.cpp:1244
Event: 610.469 Thread 0x0000000002998000 Threw 0x00000007d7110170 at C:\re\jdk7u67\1368\hotspot\src\share\vm\prims\jvm.cpp:1244
Event: 610.482 Thread 0x0000000002998000 Threw 0x00000007d7155b28 at C:\re\jdk7u67\1368\hotspot\src\share\vm\prims\jvm.cpp:1244
Event: 610.497 Thread 0x0000000002998000 Threw 0x00000007d71a0118 at C:\re\jdk7u67\1368\hotspot\src\share\vm\prims\jvm.cpp:1244
Event: 610.508 Thread 0x0000000002998000 Threw 0x00000007d71c2168 at C:\re\jdk7u67\1368\hotspot\src\share\vm\prims\jvm.cpp:1244
Event: 610.538 Thread 0x0000000002998000 Threw 0x00000007d71ea8b8 at C:\re\jdk7u67\1368\hotspot\src\share\vm\prims\jvm.cpp:1244
Event: 610.539 Thread 0x0000000002998000 Threw 0x00000007d71f12c0 at C:\re\jdk7u67\1368\hotspot\src\share\vm\prims\jvm.cpp:1244
Event: 610.541 Thread 0x0000000002998000 Threw 0x00000007d71f6840 at C:\re\jdk7u67\1368\hotspot\src\share\vm\prims\jvm.cpp:1244

Events (10 events):
Event: 964.340 Executing VM operation: GetCurrentLocation
Event: 964.340 Executing VM operation: GetCurrentLocation done
Event: 964.340 Executing VM operation: EnterInterpOnlyMode
Event: 964.340 Executing VM operation: EnterInterpOnlyMode done
Event: 964.340 Executing VM operation: ChangeSingleStep
Event: 964.340 Executing VM operation: ChangeSingleStep done
Event: 964.341 Executing VM operation: ChangeSingleStep
Event: 964.341 Executing VM operation: ChangeSingleStep done
Event: 1145.074 Executing VM operation: RedefineClasses
Event: 1145.075 Executing VM operation: RedefineClasses done


Dynamic libraries:
0x000000013fa60000 - 0x000000013fa93000 	C:\Program Files\Java\jre7\bin\javaw.exe
0x0000000077410000 - 0x00000000775b9000 	C:\WINDOWS\SYSTEM32\ntdll.dll
0x00000000771f0000 - 0x000000007730f000 	C:\WINDOWS\system32\kernel32.dll
0x000007fefd1e0000 - 0x000007fefd24c000 	C:\WINDOWS\system32\KERNELBASE.dll
0x000007fefe620000 - 0x000007fefe6fb000 	C:\WINDOWS\system32\ADVAPI32.dll
0x000007fefebd0000 - 0x000007fefec6f000 	C:\WINDOWS\system32\msvcrt.dll
0x000007feff480000 - 0x000007feff49f000 	C:\WINDOWS\SYSTEM32\sechost.dll
0x000007fefea90000 - 0x000007fefebbd000 	C:\WINDOWS\system32\RPCRT4.dll
0x0000000077310000 - 0x000000007740a000 	C:\WINDOWS\system32\USER32.dll
0x000007fefec70000 - 0x000007fefecd7000 	C:\WINDOWS\system32\GDI32.dll
0x000007fefebc0000 - 0x000007fefebce000 	C:\WINDOWS\system32\LPK.dll
0x000007fefef40000 - 0x000007feff00a000 	C:\WINDOWS\system32\USP10.dll
0x000007fef7450000 - 0x000007fef7644000 	C:\WINDOWS\WinSxS\amd64_microsoft.windows.common-controls_6595b64144ccf1df_6.0.7601.18837_none_fa3b1e3d17594757\COMCTL32.dll
0x000007fefea10000 - 0x000007fefea81000 	C:\WINDOWS\system32\SHLWAPI.dll
0x000007feff450000 - 0x000007feff47e000 	C:\WINDOWS\system32\IMM32.DLL
0x000007feff010000 - 0x000007feff119000 	C:\WINDOWS\system32\MSCTF.dll
0x0000000180000000 - 0x000000018001c000 	C:\WINDOWS\system32\btpload64.dll
0x00000000775d0000 - 0x00000000775d7000 	C:\WINDOWS\system32\PSAPI.DLL
0x0000000000220000 - 0x000000000024d000 	C:\WINDOWS\system32\privman64.dll
0x000007fefd070000 - 0x000007fefd07c000 	C:\WINDOWS\system32\VERSION.dll
0x000007fefd590000 - 0x000007fefe319000 	C:\WINDOWS\system32\SHELL32.dll
0x000007fefe530000 - 0x000007fefe607000 	C:\WINDOWS\system32\OLEAUT32.dll
0x000007fefe320000 - 0x000007fefe523000 	C:\WINDOWS\system32\ole32.dll
0x000007fefd410000 - 0x000007fefd42e000 	C:\WINDOWS\system32\USERENV.dll
0x000007fefd1c0000 - 0x000007fefd1cf000 	C:\WINDOWS\system32\profapi.dll
0x0000000000280000 - 0x00000000002de000 	C:\WINDOWS\system32\btprof64.dll
0x000007fef4c00000 - 0x000007fef4d25000 	C:\WINDOWS\system32\dbghelp.dll
0x000007fefbee0000 - 0x000007fefbef6000 	C:\WINDOWS\system32\NETAPI32.dll
0x000007fefc5d0000 - 0x000007fefc5dc000 	C:\WINDOWS\system32\netutils.dll
0x000007fefcd00000 - 0x000007fefcd23000 	C:\WINDOWS\system32\srvcli.dll
0x000007fefbec0000 - 0x000007fefbed5000 	C:\WINDOWS\system32\wkscli.dll
0x000000005bc70000 - 0x000000005bd42000 	C:\Program Files\Java\jre7\bin\msvcr100.dll
0x000000006eae0000 - 0x000000006f2b2000 	C:\Program Files\Java\jre7\bin\server\jvm.dll
0x000007fef4d30000 - 0x000007fef4d39000 	C:\WINDOWS\system32\WSOCK32.dll
0x000007fefed60000 - 0x000007fefedad000 	C:\WINDOWS\system32\WS2_32.dll
0x0000000000310000 - 0x0000000000318000 	C:\WINDOWS\system32\NSI.dll
0x000007fefc1e0000 - 0x000007fefc21b000 	C:\WINDOWS\system32\WINMM.dll
0x000000006fe30000 - 0x000000006fe3f000 	C:\Program Files\Java\jre7\bin\verify.dll
0x000000006c780000 - 0x000000006c7a8000 	C:\Program Files\Java\jre7\bin\java.dll
0x000000006c6c0000 - 0x000000006c6f5000 	C:\Program Files\Java\jre7\bin\jdwp.dll
0x00000000701e0000 - 0x00000000701e8000 	C:\Program Files\Java\jre7\bin\npt.dll
0x000000006c7f0000 - 0x000000006c805000 	C:\Program Files\Java\jre7\bin\zip.dll
0x000000006fe10000 - 0x000000006fe19000 	C:\Program Files\Java\jre7\bin\dt_socket.dll
0x000007fef7430000 - 0x000007fef7445000 	C:\WINDOWS\system32\NLAapi.dll
0x000007fef7410000 - 0x000007fef7425000 	C:\WINDOWS\system32\napinsp.dll
0x000007fef73f0000 - 0x000007fef7409000 	C:\WINDOWS\system32\pnrpnsp.dll
0x000007fefc940000 - 0x000007fefc995000 	C:\WINDOWS\System32\mswsock.dll
0x000007fefc7c0000 - 0x000007fefc81b000 	C:\WINDOWS\system32\DNSAPI.dll
0x000007fef73e0000 - 0x000007fef73eb000 	C:\WINDOWS\System32\winrnr.dll
0x000007fefbe80000 - 0x000007fefbea7000 	C:\WINDOWS\system32\IPHLPAPI.DLL
0x000007fefbe70000 - 0x000007fefbe7b000 	C:\WINDOWS\system32\WINNSI.DLL
0x000007fef7340000 - 0x000007fef7393000 	C:\WINDOWS\System32\fwpuclnt.dll
0x000007fef7330000 - 0x000007fef7338000 	C:\WINDOWS\system32\rasadhlp.dll
0x000007fefc350000 - 0x000007fefc357000 	C:\WINDOWS\System32\wshtcpip.dll
0x000000006c760000 - 0x000000006c779000 	C:\Program Files\Java\jre7\bin\net.dll
0x000007fefc930000 - 0x000007fefc937000 	C:\WINDOWS\System32\wship6.dll
0x000000006bea0000 - 0x000000006beb1000 	C:\Program Files\Java\jre7\bin\nio.dll
0x000000006fac0000 - 0x000000006facb000 	C:\Program Files\Java\jre7\bin\management.dll

VM Arguments:
jvm_args: -agentlib:jdwp=transport=dt_socket,suspend=y,address=localhost:59896 -Dfile.encoding=UTF-8 
java_command: org.eclipse.jdt.internal.junit.runner.RemoteTestRunner -version 3 -port 59895 -testLoaderClass org.eclipse.jdt.internal.junit4.runner.JUnit4TestLoader -loaderpluginname org.eclipse.jdt.junit4.runtime -classNames configuration.ConfigurartionIT
Launcher Type: SUN_STANDARD

Environment Variables:
JAVA_HOME=C:\software\Java7\jdk1.7.0_05
PATH=
[error occurred during error reporting (printing environment variables), id 0xc0000005]



---------------  S Y S T E M  ---------------

OS: Windows 7 , 64 bit Build 7601 Service Pack 1

CPU:total 4 (2 cores per cpu, 2 threads per core) family 6 model 42 stepping 7, cmov, cx8, fxsr, mmx, sse, sse2, sse3, ssse3, sse4.1, sse4.2, popcnt, avx, ht, tsc, tscinvbit

Memory: 4k page, physical 8273992k(1838776k free), swap 16546148k(6679212k free)

vm_info: Java HotSpot(TM) 64-Bit Server VM (24.65-b04) for windows-amd64 JRE (1.7.0_67-b01), built on Jul 25 2014 08:55:00 by "java_re" with unknown MS VC++:1600

time: Thu Feb 25 16:58:33 2016
elapsed time: 1145 seconds

